<?xml version="1.0" encoding="UTF-8"?>
<!-- Generated by org.testng.reporters.JUnitReportReporter -->
<testsuite hostname="DESKTOP-P7N6VT1" failures="0" tests="1" name="SumValidation" time="1.296" errors="0" timestamp="2025-08-28T09:15:02 BRT" skipped="0">
  <testcase classname="SumValidation" name="sumOfCourses" time="1.296"/>
</testsuite> <!-- SumValidation -->
